2025-12-11 13:28:32,864 [INFO] 代理配置: HTTP=http://127.0.0.1:7890, HTTPS=http://127.0.0.1:7890
2025-12-11 13:28:32,864 [INFO] 已发现 3 个项目组件，前 10 个预览：
2025-12-11 13:28:32,864 [INFO]  - BaostockSession
2025-12-11 13:28:32,865 [INFO]  - BaostockDataFetcher
2025-12-11 13:28:32,865 [INFO]  - AshareUniverseBuilder
2025-12-11 13:28:33,053 [INFO] 最近交易日：2025-12-11
2025-12-11 13:28:33,536 [INFO] 已保存 3173 只股票的列表至表 a_share_stock_list
2025-12-11 13:28:33,537 [INFO] 开始导出 3173 只股票的 30 日历史数据
2025-12-11 13:30:03,252 [INFO] 已完成 500/3173 支股票的数据拉取
2025-12-11 13:31:22,564 [INFO] 已完成 1000/3173 支股票的数据拉取
2025-12-11 13:32:44,009 [INFO] 已完成 1500/3173 支股票的数据拉取
2025-12-11 13:34:24,231 [INFO] 已完成 2000/3173 支股票的数据拉取
2025-12-11 13:35:54,950 [INFO] 已完成 2500/3173 支股票的数据拉取
2025-12-11 13:37:33,750 [INFO] 已完成 3000/3173 支股票的数据拉取
2025-12-11 13:38:05,804 [INFO] 已完成 3173/3173 支股票的数据拉取
2025-12-11 13:38:11,039 [INFO] 已导出最近 30 个交易日的历史数据，共 79292 行，表名：history_recent_30_days
2025-12-11 14:40:29,204 [INFO] 参数配置：history_days=30, top_liquidity_count=100
2025-12-11 14:40:29,320 [INFO] 代理配置: HTTP=http://127.0.0.1:7890, HTTPS=http://127.0.0.1:7890
2025-12-11 14:40:29,321 [INFO] 已发现 3 个项目组件，前 10 个预览：
2025-12-11 14:40:29,321 [INFO]  - BaostockSession
2025-12-11 14:40:29,321 [INFO]  - BaostockDataFetcher
2025-12-11 14:40:29,321 [INFO]  - AshareUniverseBuilder
2025-12-11 14:40:29,509 [INFO] 最近交易日：2025-12-11
2025-12-11 14:40:30,074 [INFO] 已保存 3173 只股票的列表至表 a_share_stock_list
2025-12-11 14:40:30,078 [INFO] 历史表 history_daily_kline 不存在或为空，执行冷启动：拉取最近 30 天日线。
2025-12-11 14:40:30,158 [INFO] 开始导出 3173 只股票的最近 30 个交易日历史数据，窗口 [2025-10-31, 2025-12-11]
2025-12-11 14:41:17,240 [INFO] 已完成 500/3173 支股票的数据拉取
2025-12-11 14:42:01,257 [INFO] 已完成 1000/3173 支股票的数据拉取
2025-12-11 14:42:56,697 [INFO] 已完成 1500/3173 支股票的数据拉取
2025-12-11 14:43:45,687 [INFO] 已完成 2000/3173 支股票的数据拉取
2025-12-11 14:44:31,317 [INFO] 已完成 2500/3173 支股票的数据拉取
2025-12-11 14:45:20,672 [INFO] 已完成 3000/3173 支股票的数据拉取
2025-12-11 14:45:35,504 [INFO] 已完成 3173/3173 支股票的数据拉取
2025-12-11 14:45:35,505 [INFO] 日线拉取完成：成功 3173/3173，空数据 0，失败 0
2025-12-11 14:45:41,669 [INFO] 已导出最近 30 个交易日的历史数据，共 91965 行，表名：history_recent_30_days
2025-12-11 14:45:49,685 [INFO] 已生成候选池：表 a_share_universe
2025-12-11 14:45:49,769 [INFO] 已将成交额排序结果写入表 a_share_top_liquidity，可用于筛选高流动性标的。
2025-12-11 14:45:49,769 [INFO] 历史日线数据已保存至表：history_daily_kline
